<?xml version="1.0" encoding="UTF-8"?>
<!-- Generated by org.testng.reporters.JUnitXMLReporter -->
<testsuite ignored="0" hostname="fedora" failures="0" tests="5" name="Default test" time="51.507" errors="0" timestamp="2025-06-09T20:08:38 IST">
  <testcase classname="tests.ProductCategoryTests" name="testCategoryFilterAfterNavigatingAway" time="2.257"/>
  <testcase classname="tests.ProductCategoryTests" name="testLaptopsCategoryFilter" time="0.744"/>
  <testcase classname="tests.ProductCategoryTests" name="testMonitorsCategoryFilter" time="1.25"/>
  <testcase classname="tests.ProductCategoryTests" name="testPhonesCategoryFilter" time="0.729"/>
  <testcase classname="tests.ProductCategoryTests" name="testRapidCategorySwitching" time="3.235"/>
</testsuite> <!-- Default test -->
