<?xml version="1.0" encoding="UTF-8"?>
<!-- Generated by org.testng.reporters.JUnitXMLReporter -->
<testsuite ignored="0" hostname="fedora" failures="0" tests="6" name="Home Page Tests" time="119.005" errors="0" timestamp="2025-06-09T15:36:56 IST">
  <testcase classname="tests.HomePageTests" name="testCategoryFilterPhones" time="1.434"/>
  <testcase classname="tests.HomePageTests" name="testClickLogoRedirectsToHome" time="1.735"/>
  <testcase classname="tests.HomePageTests" name="testFooterIsVisible" time="0.133"/>
  <testcase classname="tests.HomePageTests" name="testLogoIsDisplayed" time="0.055"/>
  <testcase classname="tests.HomePageTests" name="testPaginationNextButton" time="0.411"/>
  <testcase classname="tests.HomePageTests" name="testProductGridCount" time="0.082"/>
</testsuite> <!-- Home Page Tests -->
