<?xml version="1.0" encoding="UTF-8"?>
<testng-results ignored="0" total="5" passed="5" failed="0" skipped="0">
  <reporter-output>
  </reporter-output>
  <suite started-at="2025-06-09T20:07:47 IST" name="Default suite" finished-at="2025-06-09T20:08:38 IST" duration-ms="51507">
    <groups>
    </groups>
    <test started-at="2025-06-09T20:07:47 IST" name="Default test" finished-at="2025-06-09T20:08:38 IST" duration-ms="51507">
      <class name="tests.ProductCategoryTests">
        <test-method is-config="true" signature="setup()[pri:0, instance:tests.ProductCategoryTests@3590fc5b]" started-at="2025-06-09T20:07:47 IST" name="setup" finished-at="2025-06-09T20:07:54 IST" duration-ms="7195" status="PASS">
          <reporter-output>
          </reporter-output>
        </test-method> <!-- setup -->
        <test-method is-config="true" signature="initPage()[pri:0, instance:tests.ProductCategoryTests@3590fc5b]" started-at="2025-06-09T20:07:54 IST" name="initPage" finished-at="2025-06-09T20:07:54 IST" duration-ms="4" status="PASS">
          <reporter-output>
          </reporter-output>
        </test-method> <!-- initPage -->
        <test-method signature="testCategoryFilterAfterNavigatingAway()[pri:0, instance:tests.ProductCategoryTests@3590fc5b]" started-at="2025-06-09T20:07:54 IST" name="testCategoryFilterAfterNavigatingAway" finished-at="2025-06-09T20:07:56 IST" duration-ms="2257" status="PASS">
          <reporter-output>
          </reporter-output>
        </test-method> <!-- testCategoryFilterAfterNavigatingAway -->
        <test-method is-config="true" signature="tearDown()[pri:0, instance:tests.ProductCategoryTests@3590fc5b]" started-at="2025-06-09T20:07:56 IST" name="tearDown" finished-at="2025-06-09T20:07:58 IST" duration-ms="1294" status="PASS">
          <reporter-output>
          </reporter-output>
        </test-method> <!-- tearDown -->
        <test-method is-config="true" signature="setup()[pri:0, instance:tests.ProductCategoryTests@3590fc5b]" started-at="2025-06-09T20:07:58 IST" name="setup" finished-at="2025-06-09T20:08:09 IST" duration-ms="11139" status="PASS">
          <reporter-output>
          </reporter-output>
        </test-method> <!-- setup -->
        <test-method is-config="true" signature="initPage()[pri:0, instance:tests.ProductCategoryTests@3590fc5b]" started-at="2025-06-09T20:08:09 IST" name="initPage" finished-at="2025-06-09T20:08:09 IST" duration-ms="0" status="PASS">
          <reporter-output>
          </reporter-output>
        </test-method> <!-- initPage -->
        <test-method signature="testLaptopsCategoryFilter()[pri:0, instance:tests.ProductCategoryTests@3590fc5b]" started-at="2025-06-09T20:08:09 IST" name="testLaptopsCategoryFilter" finished-at="2025-06-09T20:08:10 IST" duration-ms="744" status="PASS">
          <reporter-output>
          </reporter-output>
        </test-method> <!-- testLaptopsCategoryFilter -->
        <test-method is-config="true" signature="tearDown()[pri:0, instance:tests.ProductCategoryTests@3590fc5b]" started-at="2025-06-09T20:08:10 IST" name="tearDown" finished-at="2025-06-09T20:08:11 IST" duration-ms="1205" status="PASS">
          <reporter-output>
          </reporter-output>
        </test-method> <!-- tearDown -->
        <test-method is-config="true" signature="setup()[pri:0, instance:tests.ProductCategoryTests@3590fc5b]" started-at="2025-06-09T20:08:11 IST" name="setup" finished-at="2025-06-09T20:08:17 IST" duration-ms="5727" status="PASS">
          <reporter-output>
          </reporter-output>
        </test-method> <!-- setup -->
        <test-method is-config="true" signature="initPage()[pri:0, instance:tests.ProductCategoryTests@3590fc5b]" started-at="2025-06-09T20:08:17 IST" name="initPage" finished-at="2025-06-09T20:08:17 IST" duration-ms="1" status="PASS">
          <reporter-output>
          </reporter-output>
        </test-method> <!-- initPage -->
        <test-method signature="testMonitorsCategoryFilter()[pri:0, instance:tests.ProductCategoryTests@3590fc5b]" started-at="2025-06-09T20:08:17 IST" name="testMonitorsCategoryFilter" finished-at="2025-06-09T20:08:18 IST" duration-ms="1250" status="PASS">
          <reporter-output>
          </reporter-output>
        </test-method> <!-- testMonitorsCategoryFilter -->
        <test-method is-config="true" signature="tearDown()[pri:0, instance:tests.ProductCategoryTests@3590fc5b]" started-at="2025-06-09T20:08:18 IST" name="tearDown" finished-at="2025-06-09T20:08:19 IST" duration-ms="1204" status="PASS">
          <reporter-output>
          </reporter-output>
        </test-method> <!-- tearDown -->
        <test-method is-config="true" signature="setup()[pri:0, instance:tests.ProductCategoryTests@3590fc5b]" started-at="2025-06-09T20:08:19 IST" name="setup" finished-at="2025-06-09T20:08:25 IST" duration-ms="5959" status="PASS">
          <reporter-output>
          </reporter-output>
        </test-method> <!-- setup -->
        <test-method is-config="true" signature="initPage()[pri:0, instance:tests.ProductCategoryTests@3590fc5b]" started-at="2025-06-09T20:08:25 IST" name="initPage" finished-at="2025-06-09T20:08:25 IST" duration-ms="0" status="PASS">
          <reporter-output>
          </reporter-output>
        </test-method> <!-- initPage -->
        <test-method signature="testPhonesCategoryFilter()[pri:0, instance:tests.ProductCategoryTests@3590fc5b]" started-at="2025-06-09T20:08:25 IST" name="testPhonesCategoryFilter" finished-at="2025-06-09T20:08:26 IST" duration-ms="729" status="PASS">
          <reporter-output>
          </reporter-output>
        </test-method> <!-- testPhonesCategoryFilter -->
        <test-method is-config="true" signature="tearDown()[pri:0, instance:tests.ProductCategoryTests@3590fc5b]" started-at="2025-06-09T20:08:26 IST" name="tearDown" finished-at="2025-06-09T20:08:27 IST" duration-ms="1215" status="PASS">
          <reporter-output>
          </reporter-output>
        </test-method> <!-- tearDown -->
        <test-method is-config="true" signature="setup()[pri:0, instance:tests.ProductCategoryTests@3590fc5b]" started-at="2025-06-09T20:08:27 IST" name="setup" finished-at="2025-06-09T20:08:34 IST" duration-ms="7067" status="PASS">
          <reporter-output>
          </reporter-output>
        </test-method> <!-- setup -->
        <test-method signature="testRapidCategorySwitching()[pri:0, instance:tests.ProductCategoryTests@3590fc5b]" started-at="2025-06-09T20:08:34 IST" name="testRapidCategorySwitching" finished-at="2025-06-09T20:08:37 IST" duration-ms="3235" status="PASS">
          <reporter-output>
          </reporter-output>
        </test-method> <!-- testRapidCategorySwitching -->
        <test-method is-config="true" signature="initPage()[pri:0, instance:tests.ProductCategoryTests@3590fc5b]" started-at="2025-06-09T20:08:34 IST" name="initPage" finished-at="2025-06-09T20:08:34 IST" duration-ms="0" status="PASS">
          <reporter-output>
          </reporter-output>
        </test-method> <!-- initPage -->
        <test-method is-config="true" signature="tearDown()[pri:0, instance:tests.ProductCategoryTests@3590fc5b]" started-at="2025-06-09T20:08:37 IST" name="tearDown" finished-at="2025-06-09T20:08:38 IST" duration-ms="1163" status="PASS">
          <reporter-output>
          </reporter-output>
        </test-method> <!-- tearDown -->
      </class> <!-- tests.ProductCategoryTests -->
    </test> <!-- Default test -->
  </suite> <!-- Default suite -->
</testng-results>
